<?xml version="1.0" encoding="UTF-8"?>
<!-- Generated by org.testng.reporters.JUnitReportReporter -->
<testsuite hostname="DESKTOP-C6G74C4" failures="0" tests="2" name="com.gigm.testcases.ValidateLogin" time="13.080" errors="0" timestamp="2019-11-27T17:07:37 WAT" skipped="0">
  <testcase classname="com.gigm.testcases.ValidateLogin" name="validLogin" time="8.520"/>
  <testcase classname="com.gigm.testcases.ValidateLogin" name="invalidLogin" time="4.560"/>
</testsuite> <!-- com.gigm.testcases.ValidateLogin -->
