<?xml version="1.0" encoding="UTF-8"?>
<!-- Generated by org.testng.reporters.JUnitReportReporter -->
<testsuite hostname="QA-SYSTEM" failures="0" tests="3" name="com.gigm.testcases.ValidateSignUp" time="31.690" errors="0" timestamp="2020-01-17T06:29:52 WAT" skipped="0">
  <testcase classname="com.gigm.testcases.ValidateSignUp" name="signUp" time="13.602"/>
  <testcase classname="com.gigm.testcases.ValidateSignUp" name="signUp" time="8.825"/>
  <testcase classname="com.gigm.testcases.ValidateSignUp" name="signUp" time="9.263"/>
</testsuite> <!-- com.gigm.testcases.ValidateSignUp -->
