<?xml version="1.0" encoding="UTF-8"?>
<!-- Generated by org.testng.reporters.JUnitReportReporter -->
<testsuite hostname="DESKTOP-C6G74C4" failures="0" tests="1" name="com.gigm.TestCases.ValidateLogin" time="5.880" errors="0" timestamp="2019-11-25T19:01:44 WAT" skipped="0">
  <testcase classname="com.gigm.TestCases.ValidateLogin" name="Login" time="5.880"/>
</testsuite> <!-- com.gigm.TestCases.ValidateLogin -->
