<?xml version="1.0" encoding="UTF-8"?>
<!-- Generated by org.testng.reporters.JUnitReportReporter -->
<testsuite hostname="DESKTOP-C6G74C4" failures="0" tests="1" name="com.gigm.TestCases.ValidateLogin" time="5.907" errors="0" timestamp="2019-11-26T08:01:29 WAT" skipped="0">
  <testcase classname="com.gigm.TestCases.ValidateLogin" name="Login" time="5.907"/>
</testsuite> <!-- com.gigm.TestCases.ValidateLogin -->
