<?xml version="1.0" encoding="UTF-8"?>
<!-- Generated by org.testng.reporters.JUnitReportReporter -->
<testsuite hostname="DESKTOP-C6G74C4" failures="0" tests="2" name="com.gigm.headerTestCases.CheckHeaderLinks" time="43.165" errors="0" timestamp="2019-11-28T16:07:20 WAT" skipped="0">
  <testcase classname="com.gigm.headerTestCases.CheckHeaderLinks" name="checkHeaderLinks" time="29.889"/>
  <testcase classname="com.gigm.headerTestCases.CheckHeaderLinks" name="FooterlinksCheck" time="13.276"/>
</testsuite> <!-- com.gigm.headerTestCases.CheckHeaderLinks -->
