<?xml version="1.0" encoding="UTF-8"?>
<!-- Generated by org.testng.reporters.JUnitReportReporter -->
<testsuite hostname="DESKTOP-C6G74C4" failures="0" tests="1" name="com.gigm.testcases.SignUp" time="6.873" errors="0" timestamp="2019-12-04T10:48:40 WAT" skipped="0">
  <testcase classname="com.gigm.testcases.SignUp" name="signUp" time="6.873"/>
</testsuite> <!-- com.gigm.testcases.SignUp -->
