<?xml version="1.0" encoding="UTF-8"?>
<!-- Generated by org.testng.reporters.JUnitReportReporter -->
<testsuite hostname="QA-SYSTEM" failures="0" tests="3" name="com.gigm.testcases.ValidateLogin" time="26.934" errors="0" timestamp="2020-01-24T16:02:37 WAT" skipped="0">
  <testcase classname="com.gigm.testcases.ValidateLogin" name="Login" time="7.751"/>
  <testcase classname="com.gigm.testcases.ValidateLogin" name="Login" time="7.939"/>
  <testcase classname="com.gigm.testcases.ValidateLogin" name="Login" time="11.244"/>
</testsuite> <!-- com.gigm.testcases.ValidateLogin -->
