<?xml version="1.0" encoding="UTF-8"?>
<!-- Generated by org.testng.reporters.JUnitReportReporter -->
<testsuite hostname="QA-SYSTEM" failures="0" tests="1" name="com.gigm.testcases.ValidateBooking" time="28.916" errors="0" timestamp="2020-01-24T16:43:19 WAT" skipped="0">
  <testcase classname="com.gigm.testcases.ValidateBooking" name="bookAticket" time="28.916"/>
</testsuite> <!-- com.gigm.testcases.ValidateBooking -->
