<?xml version="1.0" encoding="UTF-8"?>
<!-- Generated by org.testng.reporters.JUnitReportReporter -->
<testsuite hostname="QA-SYSTEM" failures="0" tests="2" name="com.gigm.testcases.ValidateHeaderLinks" time="72.663" errors="0" timestamp="2020-01-06T01:56:17 WAT" skipped="0">
  <testcase classname="com.gigm.testcases.ValidateHeaderLinks" name="checkHeaderLinks" time="57.369"/>
  <testcase classname="com.gigm.testcases.ValidateHeaderLinks" name="FooterlinksCheck" time="15.294"/>
</testsuite> <!-- com.gigm.testcases.ValidateHeaderLinks -->
