<?xml version="1.0" encoding="UTF-8"?>
<!-- Generated by org.testng.reporters.JUnitReportReporter -->
<testsuite hostname="DESKTOP-C6G74C4" failures="0" tests="2" name="com.gigm.testcases.ValidateLogin" time="19.390" errors="0" timestamp="2019-11-28T16:10:36 WAT" skipped="0">
  <testcase classname="com.gigm.testcases.ValidateLogin" name="invalidLogin" time="2.806"/>
  <testcase classname="com.gigm.testcases.ValidateLogin" name="validLogin" time="16.584"/>
</testsuite> <!-- com.gigm.testcases.ValidateLogin -->
