<?xml version="1.0" encoding="UTF-8"?>
<!-- Generated by org.testng.reporters.JUnitReportReporter -->
<testsuite hostname="DESKTOP-C6G74C4" failures="0" tests="1" name="com.gigm.TestCases.ValidateLogin" time="6.959" errors="0" timestamp="2019-11-26T17:37:48 WAT" skipped="0">
  <testcase classname="com.gigm.TestCases.ValidateLogin" name="Login" time="6.959"/>
</testsuite> <!-- com.gigm.TestCases.ValidateLogin -->
