<?xml version="1.0" encoding="UTF-8"?>
<!-- Generated by org.testng.reporters.JUnitReportReporter -->
<testsuite hostname="QA-SYSTEM" failures="0" tests="3" name="com.gigm.testcases.ValidateSignUp" time="32.205" errors="0" timestamp="2020-01-09T15:25:29 WAT" skipped="0">
  <testcase classname="com.gigm.testcases.ValidateSignUp" name="signUp" time="10.703"/>
  <testcase classname="com.gigm.testcases.ValidateSignUp" name="signUp" time="12.263"/>
  <testcase classname="com.gigm.testcases.ValidateSignUp" name="signUp" time="9.239"/>
</testsuite> <!-- com.gigm.testcases.ValidateSignUp -->
