<?xml version="1.0" encoding="UTF-8"?>
<!-- Generated by org.testng.reporters.JUnitReportReporter -->
<testsuite hostname="DESKTOP-C6G74C4" failures="0" tests="3" name="com.gigm.testcases.ValidateLogin" time="18.048" errors="0" timestamp="2019-12-04T10:48:40 WAT" skipped="0">
  <testcase classname="com.gigm.testcases.ValidateLogin" name="Login" time="6.755"/>
  <testcase classname="com.gigm.testcases.ValidateLogin" name="Login" time="5.641"/>
  <testcase classname="com.gigm.testcases.ValidateLogin" name="Login" time="5.652"/>
</testsuite> <!-- com.gigm.testcases.ValidateLogin -->
