<?xml version="1.0" encoding="UTF-8"?>
<!-- Generated by org.testng.reporters.JUnitReportReporter -->
<testsuite hostname="DESKTOP-C6G74C4" failures="0" tests="2" name="com.gigm.headerTestCases.CheckHeaderLinks" time="50.893" errors="0" timestamp="2019-12-04T10:48:40 WAT" skipped="0">
  <testcase classname="com.gigm.headerTestCases.CheckHeaderLinks" name="checkHeaderLinks" time="32.273"/>
  <testcase classname="com.gigm.headerTestCases.CheckHeaderLinks" name="FooterlinksCheck" time="18.620"/>
</testsuite> <!-- com.gigm.headerTestCases.CheckHeaderLinks -->
