<?xml version="1.0" encoding="UTF-8"?>
<!-- Generated by org.testng.reporters.JUnitReportReporter -->
<testsuite hostname="QA-SYSTEM" failures="0" tests="3" name="com.gigm.testcases.ValidateLogin" time="25.708" errors="0" timestamp="2020-01-06T01:56:17 WAT" skipped="0">
  <testcase classname="com.gigm.testcases.ValidateLogin" name="Login" time="7.684"/>
  <testcase classname="com.gigm.testcases.ValidateLogin" name="Login" time="9.204"/>
  <testcase classname="com.gigm.testcases.ValidateLogin" name="Login" time="8.820"/>
</testsuite> <!-- com.gigm.testcases.ValidateLogin -->
