<?xml version="1.0" encoding="UTF-8"?>
<!-- Generated by org.testng.reporters.JUnitReportReporter -->
<testsuite hostname="DESKTOP-C6G74C4" failures="0" tests="1" name="com.gigm.testcases.CheckHeaderLinks" time="10.279" errors="0" timestamp="2019-11-27T13:30:19 WAT" skipped="0">
  <testcase classname="com.gigm.testcases.CheckHeaderLinks" name="checkHeaderLinks" time="10.279"/>
</testsuite> <!-- com.gigm.testcases.CheckHeaderLinks -->
