<?xml version="1.0" encoding="UTF-8"?>
<!-- Generated by org.testng.reporters.JUnitReportReporter -->
<testsuite hostname="QA-SYSTEM" failures="0" tests="1" name="com.gigm.testcases.ValidateAmbassador" time="20.060" errors="0" timestamp="9 Jan 2020 14:53:25 GMT">
  <testcase classname="com.gigm.testcases.ValidateAmbassador" name="CheckAmbassador" time="20.060"/>
</testsuite> <!-- com.gigm.testcases.ValidateAmbassador -->
