<?xml version="1.0" encoding="UTF-8"?>
<!-- Generated by org.testng.reporters.JUnitReportReporter -->
<testsuite hostname="QA-SYSTEM" failures="0" tests="2" name="com.gigm.testcases.ValidateHeaderLinks" time="91.278" errors="0" timestamp="6 Jan 2020 00:27:23 GMT">
  <testcase classname="com.gigm.testcases.ValidateHeaderLinks" name="FooterlinksCheck" time="15.547"/>
  <testcase classname="com.gigm.testcases.ValidateHeaderLinks" name="checkHeaderLinks" time="75.731"/>
</testsuite> <!-- com.gigm.testcases.ValidateHeaderLinks -->
