<?xml version="1.0" encoding="UTF-8"?>
<!-- Generated by org.testng.reporters.JUnitReportReporter -->
<testsuite hostname="QA-SYSTEM" failures="0" tests="2" name="com.gigm.testcases.ValidateHeaderLinks" time="67.335" errors="0" timestamp="9 Jan 2020 14:53:25 GMT">
  <testcase classname="com.gigm.testcases.ValidateHeaderLinks" name="checkHeaderLinks" time="52.335"/>
  <testcase classname="com.gigm.testcases.ValidateHeaderLinks" name="FooterlinksCheck" time="15.000"/>
</testsuite> <!-- com.gigm.testcases.ValidateHeaderLinks -->
