<?xml version="1.0" encoding="UTF-8"?>
<!-- Generated by org.testng.reporters.JUnitReportReporter -->
<testsuite hostname="QA-SYSTEM" failures="0" tests="3" name="com.gigm.testcases.ValidateLogin" time="26.827" errors="0" timestamp="6 Jan 2020 00:27:23 GMT">
  <testcase classname="com.gigm.testcases.ValidateLogin" name="Login" time="10.169"/>
  <testcase classname="com.gigm.testcases.ValidateLogin" name="Login" time="8.568"/>
  <testcase classname="com.gigm.testcases.ValidateLogin" name="Login" time="8.090"/>
</testsuite> <!-- com.gigm.testcases.ValidateLogin -->
