<?xml version="1.0" encoding="UTF-8"?>
<!-- Generated by org.testng.reporters.JUnitReportReporter -->
<testsuite hostname="QA-SYSTEM" failures="0" tests="1" name="com.gigm.testcases.ValidateAmbassador" time="9.020" errors="0" timestamp="6 Jan 2020 00:27:23 GMT">
  <testcase classname="com.gigm.testcases.ValidateAmbassador" name="CheckAmbassador" time="9.020"/>
</testsuite> <!-- com.gigm.testcases.ValidateAmbassador -->
