<?xml version="1.0" encoding="UTF-8"?>
<!-- Generated by org.testng.reporters.JUnitReportReporter -->
<testsuite hostname="QA-SYSTEM" failures="0" tests="3" name="com.gigm.testcases.ValidateSignUp" time="30.807" errors="0" timestamp="9 Jan 2020 14:53:25 GMT">
  <testcase classname="com.gigm.testcases.ValidateSignUp" name="signUp" time="13.882"/>
  <testcase classname="com.gigm.testcases.ValidateSignUp" name="signUp" time="9.041"/>
  <testcase classname="com.gigm.testcases.ValidateSignUp" name="signUp" time="7.884"/>
</testsuite> <!-- com.gigm.testcases.ValidateSignUp -->
