<?xml version="1.0" encoding="UTF-8"?>
<!-- Generated by org.testng.reporters.JUnitReportReporter -->
<testsuite hostname="QA-SYSTEM" failures="0" tests="1" name="com.gigm.testcases.ValidateBooking" time="46.958" errors="0" timestamp="9 Jan 2020 14:53:25 GMT">
  <testcase classname="com.gigm.testcases.ValidateBooking" name="bookAticket" time="46.958"/>
</testsuite> <!-- com.gigm.testcases.ValidateBooking -->
